<?xml version="1.0" encoding="UTF-8"?>
<!-- Generated by org.testng.reporters.JUnitReportReporter -->
<testsuite hostname="Mds-MacBook-Pro.T-mobile.com" failures="0" tests="4" name="ParallelDemo" time="0.001" errors="0" timestamp="2023-01-02T12:47:44 PST" skipped="0">
  <testcase classname="ParallelDemo" name="Demo1" time="0.000"/>
  <system-out/>
  <testcase classname="ParallelDemo" name="Demo1" time="0.000"/>
  <system-out/>
  <testcase classname="ParallelDemo" name="Demo" time="0.000"/>
  <system-out/>
  <testcase classname="ParallelDemo" name="Demo" time="0.001"/>
  <system-out/>
</testsuite> <!-- ParallelDemo -->
