<?xml version="1.0" encoding="UTF-8"?>
<!-- Generated by org.testng.reporters.JUnitReportReporter -->
<testsuite hostname="Mds-MacBook-Pro.T-mobile.com" failures="0" tests="10" name="TestCases" time="0.001" errors="0" timestamp="2023-01-02T12:47:44 PST" skipped="0">
  <testcase classname="TestCases" name="first" time="0.000"/>
  <system-out/>
  <testcase classname="TestCases" name="forth" time="0.000"/>
  <system-out/>
  <testcase classname="TestCases" name="second" time="0.000"/>
  <system-out/>
  <testcase classname="TestCases" name="third" time="0.000"/>
  <system-out/>
  <testcase classname="TestCases" name="fifth" time="0.001"/>
  <system-out/>
  <testcase classname="TestCases" name="forth" time="0.000"/>
  <system-out/>
  <testcase classname="TestCases" name="second" time="0.000"/>
  <system-out/>
  <testcase classname="TestCases" name="first" time="0.000"/>
  <system-out/>
  <testcase classname="TestCases" name="third" time="0.000"/>
  <system-out/>
  <testcase classname="TestCases" name="fifth" time="0.000"/>
  <system-out/>
</testsuite> <!-- TestCases -->
